2023-10-26 20:11:46,103 [Worker-17: Loading available Gradle versions] INFO  o.e.b.c.i.u.g.PublishedGradleVersions - Gradle version information cache is not available. Remote download required.
2023-10-26 20:55:37,749 [Worker-53: Fetching remote refs from ssh://git@github.com/Sahithkonuganti/DatabaseProject] INFO  o.a.s.c.u.s.e.EdDSASecurityProviderRegistrar - getOrCreateProvider(EdDSA) created instance of net.i2p.crypto.eddsa.EdDSASecurityProvider
2023-10-26 20:55:38,553 [Worker-53: Fetching remote refs from ssh://git@github.com/Sahithkonuganti/DatabaseProject] INFO  o.a.s.c.i.DefaultIoServiceFactoryFactory - No detected/configured IoServiceFactoryFactory; using Nio2ServiceFactoryFactory
2023-10-27 09:18:49,767 [Worker-19: Loading available Gradle versions] INFO  o.e.b.c.i.u.g.PublishedGradleVersions - Gradle version information cache is up-to-date. Trying to read.
2023-10-27 09:59:51,971 [Worker-7: Loading available Gradle versions] INFO  o.e.b.c.i.u.g.PublishedGradleVersions - Gradle version information cache is up-to-date. Trying to read.
2023-10-27 11:08:16,015 [Worker-39: Fetching remote refs from ssh://Sahithkonuganti@github.com/Sahithkonuganti/DatabaseProject] INFO  o.a.s.c.u.s.e.EdDSASecurityProviderRegistrar - getOrCreateProvider(EdDSA) created instance of net.i2p.crypto.eddsa.EdDSASecurityProvider
2023-10-27 11:08:16,454 [Worker-39: Fetching remote refs from ssh://Sahithkonuganti@github.com/Sahithkonuganti/DatabaseProject] INFO  o.a.s.c.i.DefaultIoServiceFactoryFactory - No detected/configured IoServiceFactoryFactory; using Nio2ServiceFactoryFactory
2023-10-27 11:08:17,344 [sshd-JGitSshClient[5a8277e4]-nio2-thread-7] WARN  o.e.j.i.t.s.CachingKeyPairProvider - No keys found in identity /Users/sahithkonuganti/.ssh/known_hosts
java.security.InvalidKeyException: No keys found in identity /Users/sahithkonuganti/.ssh/known_hosts
	at org.eclipse.jgit.internal.transport.sshd.CachingKeyPairProvider.loadKey(CachingKeyPairProvider.java:159)
	at org.eclipse.jgit.internal.transport.sshd.CachingKeyPairProvider.loadKey(CachingKeyPairProvider.java:131)
	at org.eclipse.jgit.internal.transport.sshd.CachingKeyPairProvider$CancellingKeyPairIterator.hasNext(CachingKeyPairProvider.java:221)
	at org.eclipse.jgit.internal.transport.sshd.JGitSshClient$CombinedKeyIdentityProvider$1.hasNext(JGitSshClient.java:453)
	at org.apache.sshd.common.keyprovider.MultiKeyIdentityIterator.hasNext(MultiKeyIdentityIterator.java:85)
	at org.apache.sshd.client.auth.pubkey.UserAuthPublicKeyIterator$1$1.hasNext(UserAuthPublicKeyIterator.java:118)
	at org.apache.sshd.common.util.helper.LazyIterablesConcatenator$1.hasNext(LazyIterablesConcatenator.java:68)
	at org.apache.sshd.common.util.GenericUtils.selectNextMatchingValue(GenericUtils.java:849)
	at org.apache.sshd.common.util.helper.LazyMatchingTypeIterator.hasNext(LazyMatchingTypeIterator.java:62)
	at org.apache.sshd.client.auth.pubkey.UserAuthPublicKeyIterator.hasNext(UserAuthPublicKeyIterator.java:198)
	at org.apache.sshd.client.auth.pubkey.UserAuthPublicKey.resolveAttemptedPublicKeyIdentity(UserAuthPublicKey.java:269)
	at org.apache.sshd.client.auth.pubkey.UserAuthPublicKey.sendAuthDataRequest(UserAuthPublicKey.java:156)
	at org.apache.sshd.client.auth.AbstractUserAuth.process(AbstractUserAuth.java:86)
	at org.apache.sshd.client.session.ClientUserAuthService.tryNext(ClientUserAuthService.java:361)
	at org.apache.sshd.client.session.ClientUserAuthService.processUserAuth(ClientUserAuthService.java:331)
	at org.apache.sshd.client.session.ClientUserAuthService.process(ClientUserAuthService.java:267)
	at org.apache.sshd.common.session.helpers.CurrentService.process(CurrentService.java:109)
	at org.apache.sshd.common.session.helpers.AbstractSession.doHandleMessage(AbstractSession.java:592)
	at org.apache.sshd.common.session.helpers.AbstractSession.lambda$handleMessage$0(AbstractSession.java:523)
	at org.apache.sshd.common.util.threads.ThreadUtils.runAsInternal(ThreadUtils.java:68)
	at org.apache.sshd.common.session.helpers.AbstractSession.handleMessage(AbstractSession.java:522)
	at org.apache.sshd.common.session.helpers.AbstractSession.decode(AbstractSession.java:1649)
	at org.apache.sshd.common.session.helpers.AbstractSession.messageReceived(AbstractSession.java:483)
	at org.eclipse.jgit.internal.transport.sshd.JGitClientSession.messageReceived(JGitClientSession.java:208)
	at org.apache.sshd.common.session.helpers.AbstractSessionIoHandler.messageReceived(AbstractSessionIoHandler.java:64)
	at org.apache.sshd.common.io.nio2.Nio2Session.handleReadCycleCompletion(Nio2Session.java:407)
	at org.apache.sshd.common.io.nio2.Nio2Session$1.onCompleted(Nio2Session.java:380)
	at org.apache.sshd.common.io.nio2.Nio2Session$1.onCompleted(Nio2Session.java:375)
	at org.apache.sshd.common.io.nio2.Nio2CompletionHandler.lambda$completed$0(Nio2CompletionHandler.java:38)
	at java.base/java.security.AccessController.doPrivileged(AccessController.java:319)
	at org.apache.sshd.common.io.nio2.Nio2CompletionHandler.completed(Nio2CompletionHandler.java:37)
	at java.base/sun.nio.ch.Invoker.invokeUnchecked(Invoker.java:129)
	at java.base/sun.nio.ch.Invoker$2.run(Invoker.java:221)
	at java.base/sun.nio.ch.AsynchronousChannelGroupImpl$1.run(AsynchronousChannelGroupImpl.java:113)
	at java.base/java.util.concurrent.ThreadPoolExecutor.runWorker(ThreadPoolExecutor.java:1144)
	at java.base/java.util.concurrent.ThreadPoolExecutor$Worker.run(ThreadPoolExecutor.java:642)
	at java.base/java.lang.Thread.run(Thread.java:1623)
2023-10-27 11:08:17,638 [sshd-JGitSshClient[2c25132d]-nio2-thread-8] WARN  o.e.j.i.t.s.CachingKeyPairProvider - No keys found in identity /Users/sahithkonuganti/.ssh/known_hosts
java.security.InvalidKeyException: No keys found in identity /Users/sahithkonuganti/.ssh/known_hosts
	at org.eclipse.jgit.internal.transport.sshd.CachingKeyPairProvider.loadKey(CachingKeyPairProvider.java:159)
	at org.eclipse.jgit.internal.transport.sshd.CachingKeyPairProvider.loadKey(CachingKeyPairProvider.java:131)
	at org.eclipse.jgit.internal.transport.sshd.CachingKeyPairProvider$CancellingKeyPairIterator.hasNext(CachingKeyPairProvider.java:221)
	at org.eclipse.jgit.internal.transport.sshd.JGitSshClient$CombinedKeyIdentityProvider$1.hasNext(JGitSshClient.java:453)
	at org.apache.sshd.common.keyprovider.MultiKeyIdentityIterator.hasNext(MultiKeyIdentityIterator.java:85)
	at org.apache.sshd.client.auth.pubkey.UserAuthPublicKeyIterator$1$1.hasNext(UserAuthPublicKeyIterator.java:118)
	at org.apache.sshd.common.util.helper.LazyIterablesConcatenator$1.hasNext(LazyIterablesConcatenator.java:68)
	at org.apache.sshd.common.util.GenericUtils.selectNextMatchingValue(GenericUtils.java:849)
	at org.apache.sshd.common.util.helper.LazyMatchingTypeIterator.hasNext(LazyMatchingTypeIterator.java:62)
	at org.apache.sshd.client.auth.pubkey.UserAuthPublicKeyIterator.hasNext(UserAuthPublicKeyIterator.java:198)
	at org.apache.sshd.client.auth.pubkey.UserAuthPublicKey.resolveAttemptedPublicKeyIdentity(UserAuthPublicKey.java:269)
	at org.apache.sshd.client.auth.pubkey.UserAuthPublicKey.sendAuthDataRequest(UserAuthPublicKey.java:156)
	at org.apache.sshd.client.auth.AbstractUserAuth.process(AbstractUserAuth.java:86)
	at org.apache.sshd.client.session.ClientUserAuthService.tryNext(ClientUserAuthService.java:361)
	at org.apache.sshd.client.session.ClientUserAuthService.processUserAuth(ClientUserAuthService.java:331)
	at org.apache.sshd.client.session.ClientUserAuthService.process(ClientUserAuthService.java:267)
	at org.apache.sshd.common.session.helpers.CurrentService.process(CurrentService.java:109)
	at org.apache.sshd.common.session.helpers.AbstractSession.doHandleMessage(AbstractSession.java:592)
	at org.apache.sshd.common.session.helpers.AbstractSession.lambda$handleMessage$0(AbstractSession.java:523)
	at org.apache.sshd.common.util.threads.ThreadUtils.runAsInternal(ThreadUtils.java:68)
	at org.apache.sshd.common.session.helpers.AbstractSession.handleMessage(AbstractSession.java:522)
	at org.apache.sshd.common.session.helpers.AbstractSession.decode(AbstractSession.java:1649)
	at org.apache.sshd.common.session.helpers.AbstractSession.messageReceived(AbstractSession.java:483)
	at org.eclipse.jgit.internal.transport.sshd.JGitClientSession.messageReceived(JGitClientSession.java:208)
	at org.apache.sshd.common.session.helpers.AbstractSessionIoHandler.messageReceived(AbstractSessionIoHandler.java:64)
	at org.apache.sshd.common.io.nio2.Nio2Session.handleReadCycleCompletion(Nio2Session.java:407)
	at org.apache.sshd.common.io.nio2.Nio2Session$1.onCompleted(Nio2Session.java:380)
	at org.apache.sshd.common.io.nio2.Nio2Session$1.onCompleted(Nio2Session.java:375)
	at org.apache.sshd.common.io.nio2.Nio2CompletionHandler.lambda$completed$0(Nio2CompletionHandler.java:38)
	at java.base/java.security.AccessController.doPrivileged(AccessController.java:319)
	at org.apache.sshd.common.io.nio2.Nio2CompletionHandler.completed(Nio2CompletionHandler.java:37)
	at java.base/sun.nio.ch.Invoker.invokeUnchecked(Invoker.java:129)
	at java.base/sun.nio.ch.Invoker$2.run(Invoker.java:221)
	at java.base/sun.nio.ch.AsynchronousChannelGroupImpl$1.run(AsynchronousChannelGroupImpl.java:113)
	at java.base/java.util.concurrent.ThreadPoolExecutor.runWorker(ThreadPoolExecutor.java:1144)
	at java.base/java.util.concurrent.ThreadPoolExecutor$Worker.run(ThreadPoolExecutor.java:642)
	at java.base/java.lang.Thread.run(Thread.java:1623)
2023-10-28 10:01:36,311 [Worker-11: Loading available Gradle versions] INFO  o.e.b.c.i.u.g.PublishedGradleVersions - Gradle version information cache is out-of-date. Trying to update.
2023-10-28 10:01:37,483 [Worker-11: Loading available Gradle versions] INFO  o.e.b.c.i.u.g.PublishedGradleVersions - Updating Gradle version information cache failed. Using outdated cache.
2023-10-28 17:13:31,891 [Worker-71: Git Repository Change Scanner] WARN  org.eclipse.jgit.lib.Repository - close() called when useCnt is already zero for Repository[/Users/sahithkonuganti/git/Database/.git]
2023-10-28 17:16:26,720 [main] WARN  org.eclipse.jgit.lib.Repository - close() called when useCnt is already zero for Repository[/Users/sahithkonuganti/.git]
2023-10-29 12:29:15,603 [Worker-21: Loading available Gradle versions] INFO  o.e.b.c.i.u.g.PublishedGradleVersions - Gradle version information cache is out-of-date. Trying to update.
